name, scope, type, kind
x, 1, 1, 1
==================================================
name, scope, type, kind
x, 1, 1, 1
y, 1, 1, 1
==================================================
name, scope, type, kind
x, 1, 1, 1
y, 1, 1, 1
calc, 0, 1, 3
==================================================
name, scope, type, kind
x, 1, 1, 1
y, 1, 1, 1
calc, 0, 1, 3
x, 0, 1, 1
==================================================
name, scope, type, kind
x, 1, 1, 1
y, 1, 1, 1
calc, 0, 1, 3
x, 0, 1, 1
y, 0, 1, 2
==================================================
